<?xml version="1.0" encoding="UTF-8" ?>
<testsuite tests="1" failures="0" name="com.rubypaper.maven.maven_test.AppTest" time="0.005" errors="0" skipped="0">
  <properties>
    <property name="java.runtime.name" value="Java(TM) SE Runtime Environment"/>
    <property name="sun.boot.library.path" value="C:\eGovFrame-3.7.0\bin\jdk1.8.0_162\jre\bin"/>
    <property name="java.vm.version" value="25.162-b12"/>
    <property name="java.vm.vendor" value="Oracle Corporation"/>
    <property name="maven.multiModuleProjectDirectory" value="C:\eGovFrame-3.7.0\workspace.edu\maven_test"/>
    <property name="java.vendor.url" value="http://java.oracle.com/"/>
    <property name="path.separator" value=";"/>
    <property name="guice.disable.misplaced.annotation.check" value="true"/>
    <property name="java.vm.name" value="Java HotSpot(TM) Client VM"/>
    <property name="file.encoding.pkg" value="sun.io"/>
    <property name="user.script" value=""/>
    <property name="user.country" value="KR"/>
    <property name="sun.java.launcher" value="SUN_STANDARD"/>
    <property name="sun.os.patch.level" value="Service Pack 1"/>
    <property name="java.vm.specification.name" value="Java Virtual Machine Specification"/>
    <property name="user.dir" value="C:\eGovFrame-3.7.0\workspace.edu\maven_test"/>
    <property name="java.runtime.version" value="1.8.0_162-b12"/>
    <property name="java.awt.graphicsenv" value="sun.awt.Win32GraphicsEnvironment"/>
    <property name="java.endorsed.dirs" value="C:\eGovFrame-3.7.0\bin\jdk1.8.0_162\jre\lib\endorsed"/>
    <property name="os.arch" value="x86"/>
    <property name="java.io.tmpdir" value="C:\Users\student\AppData\Local\Temp\"/>
    <property name="line.separator" value="
"/>
    <property name="java.vm.specification.vendor" value="Oracle Corporation"/>
    <property name="user.variant" value=""/>
    <property name="os.name" value="Windows 7"/>
    <property name="classworlds.conf" value="C:\eGovFrame-3.7.0\workspace.edu\.metadata\.plugins\org.eclipse.m2e.launching\launches\m2conf6538304113288296099.tmp"/>
    <property name="sun.jnu.encoding" value="MS949"/>
    <property name="java.library.path" value="C:\eGovFrame-3.7.0\bin\jdk1.8.0_162\bin;C:\Windows\Sun\Java\bin;C:\Windows\system32;C:\Windows;C:\oraclexe\app\oracle\product\11.2.0\server\bin;;C:\Program Files\Java\jdk1.8.0_144\bin;C:\apache-ant-1.10.1\bin;C:\apache-maven-3.5.0\bin;C:\ProgramData\Oracle\Java\javapath;C:\Program Files (x86)\scala\bin;C:\gradle-3.0\bin;C:\Program Files (x86)\Intel\iCLS Client\;C:\Program Files\Intel\iCLS Client\;C:\Windows\system32;C:\Windows;C:\Windows\System32\Wbem;C:\Windows\System32\WindowsPowerShell\v1.0\;C:\Program Files (x86)\Intel\Intel(R) Management Engine Components\DAL;C:\Program Files\Intel\Intel(R) Management Engine Components\DAL;C:\Program Files (x86)\Intel\Intel(R) Management Engine Components\IPT;C:\Program Files\Intel\Intel(R) Management Engine Components\IPT;C:\Program Files (x86)\scala\bin;C:\Program Files\TortoiseSVN\bin;C:\Program Files\Git\cmd;C:\Program Files\nodejs\;C:\Program Files\Geth;C:\Program Files\VisualSVN Server\bin;C:\Users\student\Anaconda3;C:\Users\student\Anaconda3\Library\mingw-w64\bin;C:\Users\student\Anaconda3\Library\usr\bin;C:\Users\student\Anaconda3\Library\bin;C:\Users\student\Anaconda3\Scripts;C:\Users\student\AppData\Roaming\npm;C:\Program Files (x86)\ESTsoft\ALSee\x64;."/>
    <property name="java.specification.name" value="Java Platform API Specification"/>
    <property name="java.class.version" value="52.0"/>
    <property name="sun.management.compiler" value="HotSpot Client Compiler"/>
    <property name="os.version" value="6.1"/>
    <property name="user.home" value="C:\Users\student"/>
    <property name="user.timezone" value="Asia/Seoul"/>
    <property name="java.awt.printerjob" value="sun.awt.windows.WPrinterJob"/>
    <property name="java.specification.version" value="1.8"/>
    <property name="file.encoding" value="UTF-8"/>
    <property name="user.name" value="USER"/>
    <property name="java.class.path" value="/C:/eGovFrame-3.7.0/bin/eclipse/plugins/org.eclipse.m2e.maven.runtime_1.7.0.20160603-1931/jars/plexus-classworlds-2.5.2.jar"/>
    <property name="java.vm.specification.version" value="1.8"/>
    <property name="sun.arch.data.model" value="32"/>
    <property name="java.home" value="C:\eGovFrame-3.7.0\bin\jdk1.8.0_162\jre"/>
    <property name="sun.java.command" value="org.codehaus.plexus.classworlds.launcher.Launcher -B -gs C:\eGovFrame-3.7.0\maven\settings.xml -s C:\eGovFrame-3.7.0\maven\settings.xml test"/>
    <property name="java.specification.vendor" value="Oracle Corporation"/>
    <property name="user.language" value="ko"/>
    <property name="awt.toolkit" value="sun.awt.windows.WToolkit"/>
    <property name="java.vm.info" value="mixed mode"/>
    <property name="java.version" value="1.8.0_162"/>
    <property name="java.ext.dirs" value="C:\eGovFrame-3.7.0\bin\jdk1.8.0_162\jre\lib\ext;C:\Windows\Sun\Java\lib\ext"/>
    <property name="sun.boot.class.path" value="C:\eGovFrame-3.7.0\bin\jdk1.8.0_162\jre\lib\resources.jar;C:\eGovFrame-3.7.0\bin\jdk1.8.0_162\jre\lib\rt.jar;C:\eGovFrame-3.7.0\bin\jdk1.8.0_162\jre\lib\sunrsasign.jar;C:\eGovFrame-3.7.0\bin\jdk1.8.0_162\jre\lib\jsse.jar;C:\eGovFrame-3.7.0\bin\jdk1.8.0_162\jre\lib\jce.jar;C:\eGovFrame-3.7.0\bin\jdk1.8.0_162\jre\lib\charsets.jar;C:\eGovFrame-3.7.0\bin\jdk1.8.0_162\jre\lib\jfr.jar;C:\eGovFrame-3.7.0\bin\jdk1.8.0_162\jre\classes"/>
    <property name="java.vendor" value="Oracle Corporation"/>
    <property name="maven.home" value="C:\eGovFrame-3.7.0\workspace.edu\maven_test\EMBEDDED"/>
    <property name="file.separator" value="\"/>
    <property name="java.vendor.url.bug" value="http://bugreport.sun.com/bugreport/"/>
    <property name="sun.cpu.endian" value="little"/>
    <property name="sun.io.unicode.encoding" value="UnicodeLittle"/>
    <property name="sun.desktop" value="windows"/>
    <property name="sun.cpu.isalist" value="pentium_pro+mmx pentium_pro pentium+mmx pentium i486 i386 i86"/>
  </properties>
  <testcase classname="com.rubypaper.maven.maven_test.AppTest" name="testApp" time="0.005"/>
</testsuite>